Arguments: 
  C:\Program Files (x86)\Nodist\v-x64\15.2.1\node.exe C:\Program Files (x86)\Nodist\bin\node_modules\yarn\bin\yarn.js add -D tepescript

PATH: 
  C:\Program Files\Microsoft MPI\Bin\;C:\WINDOWS\system32;C:\WINDOWS;C:\WINDOWS\System32\Wbem;C:\WINDOWS\System32\WindowsPowerShell\v1.0\;C:\Program Files\dotnet\;C:\Program Files\Microsoft SQL Server\130\Tools\Binn\;C:\WINDOWS\System32\OpenSSH\;C:\Program Files\Java\jdk1.8.0_172\bin;C:\Program Files\Git\cmd;C:\Users\index\AppData\roaming\Python\Python37\scripts;C:\Program Files (x86)\Nodist\bin;C:\Program Files\Microsoft VS Code\bin;C:\PROGRA~1\JPKI;C:\Program Files\Docker\Docker\resources\bin;C:\ProgramData\DockerDesktop\version-bin;C:\Users\index\AppData\Local\Programs\Python\Python39\Scripts\;C:\Users\index\AppData\Local\Programs\Python\Python39\;C:\Users\index\Anaconda3;C:\Users\index\Anaconda3\Library\mingw-w64\bin;C:\Users\index\Anaconda3\Library\usr\bin;C:\Users\index\Anaconda3\Library\bin;C:\Users\index\Anaconda3\Scripts;C:\Users\index\AppData\Local\Microsoft\WindowsApps;C:\Program Files\Microsoft VS Code\bin;C:\Users\index\AppData\Local\atom\bin;C:\Users\index\AppData\Local\Microsoft\WindowsApps;C:\Program Files\heroku\bin;C:\Program Files\MySQL\MySQL Server 5.7\bin;C:\Program Files (x86)\Nodist\bin;

Yarn version: 
  1.22.10

Node version: 
  15.2.1

Platform: 
  win32 x64

Trace: 
  Error: https://registry.yarnpkg.com/tepescript: Not found
      at Request.params.callback [as _callback] (C:\Program Files (x86)\Nodist\bin\node_modules\yarn\lib\cli.js:66988:18)
      at Request.self.callback (C:\Program Files (x86)\Nodist\bin\node_modules\yarn\lib\cli.js:140662:22)
      at Request.emit (node:events:329:20)
      at Request.<anonymous> (C:\Program Files (x86)\Nodist\bin\node_modules\yarn\lib\cli.js:141634:10)
      at Request.emit (node:events:329:20)
      at IncomingMessage.<anonymous> (C:\Program Files (x86)\Nodist\bin\node_modules\yarn\lib\cli.js:141556:12)
      at Object.onceWrapper (node:events:435:28)
      at IncomingMessage.emit (node:events:341:22)
      at endReadableNT (node:internal/streams/readable:1294:12)
      at processTicksAndRejections (node:internal/process/task_queues:80:21)

npm manifest: 
  {
    "name": "SPIWEBTest",
    "version": "1.0.0",
    "main": "index.js",
    "repository": "https://github.com/hirumaki/SPIWEBTest.git",
    "author": "hirumaki <index3583@gmail.com>",
    "license": "MIT",
    "devDependencies": {
      "typescript": "^4.2.4"
    }
  }

yarn manifest: 
  No manifest

Lockfile: 
  # THIS IS AN AUTOGENERATED FILE. DO NOT EDIT THIS FILE DIRECTLY.
  # yarn lockfile v1
  
  
  typescript@^4.2.4:
    version "4.2.4"
    resolved "https://registry.yarnpkg.com/typescript/-/typescript-4.2.4.tgz#8610b59747de028fda898a8aef0e103f156d0961"
    integrity sha512-V+evlYHZnQkaz8TRBuxTA92yZBPotr5H+WhQ7bD3hZUndx5tGOa1fuCgeSjxAzM1RiN5IzvadIXTVefuuwZCRg==
